Token obtained Fri Feb 10 2017 23:39:39 GMT+0000 (GMT) - Fri Feb 10 2017 23:14:39 GMT+0000 (GMT)
Extractor request: http://localhost:8000/api/v1/endpoints GET - Fri Feb 10 2017 23:14:39 GMT+0000 (GMT)
Token obtained - Fri Feb 10 2017 23:15:20 GMT+0000 (GMT)
Extractor request: http://localhost:8000/api/v1/endpoints GET - Fri Feb 10 2017 23:15:20 GMT+0000 (GMT)
Token obtained - Fri Feb 10 2017 23:39:14 GMT+0000 (GMT)
Extractor request: http://localhost:8000/api/v1/endpoints GET - Fri Feb 10 2017 23:39:14 GMT+0000 (GMT)
Token obtained - Fri Feb 10 2017 23:39:32 GMT+0000 (GMT)
Extractor request: http://localhost:8000/api/v1/endpoints GET - Fri Feb 10 2017 23:39:32 GMT+0000 (GMT)
Extractor request: http://127.0.0.1:8000/api/v1/linkedin POST - Fri Feb 10 2017 23:40:09 GMT+0000 (GMT)
Token obtained - Fri Feb 10 2017 23:55:51 GMT+0000 (GMT)
Extractor request: http://localhost:8000/api/v1/endpoints GET - Fri Feb 10 2017 23:55:51 GMT+0000 (GMT)
 - Sat Feb 11 2017 00:06:07 GMT+0000 (GMT)
[0m[0m - Sat Feb 11 2017 00:06:07 GMT+0000 (GMT)
[0m  Auth middleware tests[0m - Sat Feb 11 2017 00:06:07 GMT+0000 (GMT)
[0m    checkAuth()[0m - Sat Feb 11 2017 00:06:07 GMT+0000 (GMT)
    [32m  ✓[0m[90m should continue if authenticated[0m - Sat Feb 11 2017 00:06:07 GMT+0000 (GMT)
    [32m  ✓[0m[90m should redirect if not authenticated[0m - Sat Feb 11 2017 00:06:07 GMT+0000 (GMT)
[0m    logout()[0m - Sat Feb 11 2017 00:06:07 GMT+0000 (GMT)
    [32m  ✓[0m[90m logout if request is authenticated and redirect[0m - Sat Feb 11 2017 00:06:07 GMT+0000 (GMT)
    [32m  ✓[0m[90m dont logout but redirect if not authenticated[0m - Sat Feb 11 2017 00:06:07 GMT+0000 (GMT)
 - Sat Feb 11 2017 00:06:07 GMT+0000 (GMT)
[0m  Auth middleware tests[0m - Sat Feb 11 2017 00:06:07 GMT+0000 (GMT)
[0m    parseJSONResponse()[0m - Sat Feb 11 2017 00:06:07 GMT+0000 (GMT)
    [32m  ✓[0m[90m should return an valid object if content type correct[0m - Sat Feb 11 2017 00:06:07 GMT+0000 (GMT)
Error: Unable to parse response, body is not json
    at parseJSONResponse (/home/graham/code/exograph/exograph-server/helper/extractor.js:147:15)
    at Context.<anonymous> (/home/graham/code/exograph/exograph-server/test/middleware/extractor-test.js:40:20)
    at callFnAsync (/home/graham/code/exograph/exograph-server/node_modules/mocha/lib/runnable.js:368:21)
    at Test.Runnable.run (/home/graham/code/exograph/exograph-server/node_modules/mocha/lib/runnable.js:318:7)
    at Runner.runTest (/home/graham/code/exograph/exograph-server/node_modules/mocha/lib/runner.js:444:10)
    at /home/graham/code/exograph/exograph-server/node_modules/mocha/lib/runner.js:550:12
    at next (/home/graham/code/exograph/exograph-server/node_modules/mocha/lib/runner.js:361:14)
    at /home/graham/code/exograph/exograph-server/node_modules/mocha/lib/runner.js:371:7
    at next (/home/graham/code/exograph/exograph-server/node_modules/mocha/lib/runner.js:295:14)
    at Immediate.<anonymous> (/home/graham/code/exograph/exograph-server/node_modules/mocha/lib/runner.js:339:5)
    at runCallback (timers.js:574:20)
    at tryOnImmediate (timers.js:554:5)
    at processImmediate [as _immediateCallback] (timers.js:533:5) - Sat Feb 11 2017 00:06:07 GMT+0000 (GMT)
    [32m  ✓[0m[90m should fail if content type is not JSON[0m - Sat Feb 11 2017 00:06:07 GMT+0000 (GMT)
[0m    obtainToken()[0m - Sat Feb 11 2017 00:06:07 GMT+0000 (GMT)
    [32m  ✓[0m[90m should return an error if making a request fails[0m - Sat Feb 11 2017 00:06:07 GMT+0000 (GMT)
 - Sat Feb 11 2017 00:06:07 GMT+0000 (GMT)
[0m  [0m - Sat Feb 11 2017 00:06:07 GMT+0000 (GMT)
Token obtained - Sat Feb 11 2017 00:06:07 GMT+0000 (GMT)
Extractor request: http://localhost:8000/api/v1/endpoints GET - Sat Feb 11 2017 00:06:07 GMT+0000 (GMT)
  [32m  ✓[0m[90m should test GET login page[0m[31m (1165ms)[0m - Sat Feb 11 2017 00:06:08 GMT+0000 (GMT)
 - Sat Feb 11 2017 00:06:08 GMT+0000 (GMT)
